============================= test session starts =============================
platform win32 -- Python 3.11.7, pytest-8.0.2, pluggy-1.6.0 -- C:\Users\admin\AppData\Local\Programs\Python\Python311\python.exe
cachedir: .pytest_cache
rootdir: C:\Users\admin\Desktop\Group pro\MAP\MAP\backend
configfile: pytest.ini
plugins: anyio-4.12.1, asyncio-0.23.5, xdist-3.8.0
asyncio: mode=Mode.AUTO
collecting ... collected 10 items

tests/integration/test_auth_routes.py::test_register_success PASSED      [ 10%]
tests/integration/test_auth_routes.py::test_register_duplicate_email PASSED [ 20%]
tests/integration/test_auth_routes.py::test_register_missing_fields PASSED [ 30%]
tests/integration/test_auth_routes.py::test_login_success PASSED         [ 40%]
tests/integration/test_auth_routes.py::test_login_wrong_password PASSED  [ 50%]
tests/integration/test_auth_routes.py::test_login_wrong_email PASSED     [ 60%]
tests/integration/test_auth_routes.py::test_get_me_authenticated PASSED  [ 70%]
tests/integration/test_auth_routes.py::test_get_me_no_token PASSED       [ 80%]
tests/integration/test_auth_routes.py::test_get_me_invalid_token PASSED  [ 90%]
tests/integration/test_auth_routes.py::test_logout_success FAILED        [100%]

================================== FAILURES ===================================
_____________________________ test_logout_success _____________________________

self = SSLConnection<host=sweeping-goat-72531.upstash.io,port=6379,db=0>

    async def connect(self):
        """Connects to the Redis server if not already connected"""
        if self.is_connected:
            return
        try:
>           await self.retry.call_with_retry(
                lambda: self._connect(), lambda error: self.disconnect()
            )

C:\Users\admin\AppData\Local\Programs\Python\Python311\Lib\site-packages\redis\asyncio\connection.py:274: 
_ _ _ _ _ _ _ _ _ _ _ _ _ _ _ _ _ _ _ _ _ _ _ _ _ _ _ _ _ _ _ _ _ _ _ _ _ _ _ _
C:\Users\admin\AppData\Local\Programs\Python\Python311\Lib\site-packages\redis\asyncio\retry.py:59: in call_with_retry
    return await do()
C:\Users\admin\AppData\Local\Programs\Python\Python311\Lib\site-packages\redis\asyncio\connection.py:681: in _connect
    reader, writer = await asyncio.open_connection(
C:\Users\admin\AppData\Local\Programs\Python\Python311\Lib\asyncio\streams.py:48: in open_connection
    transport, _ = await loop.create_connection(
C:\Users\admin\AppData\Local\Programs\Python\Python311\Lib\asyncio\base_events.py:1045: in create_connection
    infos = await self._ensure_resolved(
C:\Users\admin\AppData\Local\Programs\Python\Python311\Lib\asyncio\base_events.py:1419: in _ensure_resolved
    return await loop.getaddrinfo(host, port, family=family, type=type,
C:\Users\admin\AppData\Local\Programs\Python\Python311\Lib\asyncio\base_events.py:867: in getaddrinfo
    return await self.run_in_executor(
C:\Users\admin\AppData\Local\Programs\Python\Python311\Lib\concurrent\futures\thread.py:58: in run
    result = self.fn(*self.args, **self.kwargs)
_ _ _ _ _ _ _ _ _ _ _ _ _ _ _ _ _ _ _ _ _ _ _ _ _ _ _ _ _ _ _ _ _ _ _ _ _ _ _ _

host = 'sweeping-goat-72531.upstash.io', port = 6379, family = 0
type = <SocketKind.SOCK_STREAM: 1>, proto = 0, flags = 0

    def getaddrinfo(host, port, family=0, type=0, proto=0, flags=0):
        """Resolve host and port into list of address info entries.
    
        Translate the host/port argument into a sequence of 5-tuples that contain
        all the necessary arguments for creating a socket connected to that service.
        host is a domain name, a string representation of an IPv4/v6 address or
        None. port is a string service name such as 'http', a numeric port number or
        None. By passing None as the value of host and port, you can pass NULL to
        the underlying C API.
    
        The family, type and proto arguments can be optionally specified in order to
        narrow the list of addresses returned. Passing zero as a value for each of
        these arguments selects the full range of results.
        """
        # We override this function since we want to translate the numeric family
        # and socket type values to enum constants.
        addrlist = []
>       for res in _socket.getaddrinfo(host, port, family, type, proto, flags):
E       socket.gaierror: [Errno 11001] getaddrinfo failed

C:\Users\admin\AppData\Local\Programs\Python\Python311\Lib\socket.py:962: gaierror

During handling of the above exception, another exception occurred:

client = <httpx.AsyncClient object at 0x000001E2D1BE4410>
auth_headers = {'Authorization': 'Bearer eyJhbGciOiJSUzI1NiIsInR5cCI6IkpXVCJ9.eyJzdWIiOiIxY2E1ODU5Ny02OGE1LTRkNTYtOWNkYy0xODcxMTQ2OTJ...v9MOe4nAcjf0ZR3QmjY-CyaUBnf3NUh4v-HnrIQaE52jWSAn1petWnLdebX1KivoBUZ1Jbo-ldK0PmrbHBqKoK4LiN6y5l2Jf3i8i3ITBWVNPUiUChHOA'}

    async def test_logout_success(client: AsyncClient, auth_headers: dict):
        # Log out with an authenticated user's headers
>       response = await client.post("/api/v1/auth/logout", headers=auth_headers)

tests\integration\test_auth_routes.py:94: 
_ _ _ _ _ _ _ _ _ _ _ _ _ _ _ _ _ _ _ _ _ _ _ _ _ _ _ _ _ _ _ _ _ _ _ _ _ _ _ _
C:\Users\admin\AppData\Local\Programs\Python\Python311\Lib\site-packages\httpx\_client.py:1892: in post
    return await self.request(
C:\Users\admin\AppData\Local\Programs\Python\Python311\Lib\site-packages\httpx\_client.py:1574: in request
    return await self.send(request, auth=auth, follow_redirects=follow_redirects)
C:\Users\admin\AppData\Local\Programs\Python\Python311\Lib\site-packages\httpx\_client.py:1661: in send
    response = await self._send_handling_auth(
C:\Users\admin\AppData\Local\Programs\Python\Python311\Lib\site-packages\httpx\_client.py:1689: in _send_handling_auth
    response = await self._send_handling_redirects(
C:\Users\admin\AppData\Local\Programs\Python\Python311\Lib\site-packages\httpx\_client.py:1726: in _send_handling_redirects
    response = await self._send_single_request(request)
C:\Users\admin\AppData\Local\Programs\Python\Python311\Lib\site-packages\httpx\_client.py:1763: in _send_single_request
    response = await transport.handle_async_request(request)
C:\Users\admin\AppData\Local\Programs\Python\Python311\Lib\site-packages\httpx\_transports\asgi.py:164: in handle_async_request
    await self.app(scope, receive, send)
C:\Users\admin\AppData\Local\Programs\Python\Python311\Lib\site-packages\fastapi\applications.py:1054: in __call__
    await super().__call__(scope, receive, send)
C:\Users\admin\AppData\Local\Programs\Python\Python311\Lib\site-packages\starlette\applications.py:123: in __call__
    await self.middleware_stack(scope, receive, send)
C:\Users\admin\AppData\Local\Programs\Python\Python311\Lib\site-packages\starlette\middleware\errors.py:186: in __call__
    raise exc
C:\Users\admin\AppData\Local\Programs\Python\Python311\Lib\site-packages\starlette\middleware\errors.py:164: in __call__
    await self.app(scope, receive, _send)
C:\Users\admin\AppData\Local\Programs\Python\Python311\Lib\site-packages\starlette\middleware\cors.py:83: in __call__
    await self.app(scope, receive, send)
C:\Users\admin\AppData\Local\Programs\Python\Python311\Lib\site-packages\starlette\middleware\exceptions.py:62: in __call__
    await wrap_app_handling_exceptions(self.app, conn)(scope, receive, send)
C:\Users\admin\AppData\Local\Programs\Python\Python311\Lib\site-packages\starlette\_exception_handler.py:64: in wrapped_app
    raise exc
C:\Users\admin\AppData\Local\Programs\Python\Python311\Lib\site-packages\starlette\_exception_handler.py:53: in wrapped_app
    await app(scope, receive, sender)
C:\Users\admin\AppData\Local\Programs\Python\Python311\Lib\site-packages\starlette\routing.py:758: in __call__
    await self.middleware_stack(scope, receive, send)
C:\Users\admin\AppData\Local\Programs\Python\Python311\Lib\site-packages\starlette\routing.py:778: in app
    await route.handle(scope, receive, send)
C:\Users\admin\AppData\Local\Programs\Python\Python311\Lib\site-packages\starlette\routing.py:299: in handle
    await self.app(scope, receive, send)
C:\Users\admin\AppData\Local\Programs\Python\Python311\Lib\site-packages\starlette\routing.py:79: in app
    await wrap_app_handling_exceptions(app, request)(scope, receive, send)
C:\Users\admin\AppData\Local\Programs\Python\Python311\Lib\site-packages\starlette\_exception_handler.py:64: in wrapped_app
    raise exc
C:\Users\admin\AppData\Local\Programs\Python\Python311\Lib\site-packages\starlette\_exception_handler.py:53: in wrapped_app
    await app(scope, receive, sender)
C:\Users\admin\AppData\Local\Programs\Python\Python311\Lib\site-packages\starlette\routing.py:74: in app
    response = await func(request)
C:\Users\admin\AppData\Local\Programs\Python\Python311\Lib\site-packages\fastapi\routing.py:278: in app
    raw_response = await run_endpoint_function(
C:\Users\admin\AppData\Local\Programs\Python\Python311\Lib\site-packages\fastapi\routing.py:191: in run_endpoint_function
    return await dependant.call(**values)
app\api\v1\auth.py:73: in logout
    await service.logout(current_user.id, jti)
app\services\auth_service.py:117: in logout
    await redis.set(key, "1", ex=ttl)
C:\Users\admin\AppData\Local\Programs\Python\Python311\Lib\site-packages\redis\asyncio\client.py:607: in execute_command
    conn = self.connection or await pool.get_connection(command_name, **options)
C:\Users\admin\AppData\Local\Programs\Python\Python311\Lib\site-packages\redis\asyncio\connection.py:1083: in get_connection
    await self.ensure_connection(connection)
C:\Users\admin\AppData\Local\Programs\Python\Python311\Lib\site-packages\redis\asyncio\connection.py:1116: in ensure_connection
    await connection.connect()
_ _ _ _ _ _ _ _ _ _ _ _ _ _ _ _ _ _ _ _ _ _ _ _ _ _ _ _ _ _ _ _ _ _ _ _ _ _ _ _

self = SSLConnection<host=sweeping-goat-72531.upstash.io,port=6379,db=0>

    async def connect(self):
        """Connects to the Redis server if not already connected"""
        if self.is_connected:
            return
        try:
            await self.retry.call_with_retry(
                lambda: self._connect(), lambda error: self.disconnect()
            )
        except asyncio.CancelledError:
            raise  # in 3.7 and earlier, this is an Exception, not BaseException
        except (socket.timeout, asyncio.TimeoutError):
            raise TimeoutError("Timeout connecting to server")
        except OSError as e:
>           raise ConnectionError(self._error_message(e))
E           redis.exceptions.ConnectionError: Error 11001 connecting to sweeping-goat-72531.upstash.io:6379. 11001.

C:\Users\admin\AppData\Local\Programs\Python\Python311\Lib\site-packages\redis\asyncio\connection.py:282: ConnectionError
============================== warnings summary ===============================
tests/integration/test_auth_routes.py: 10 warnings
  C:\Users\admin\AppData\Local\Programs\Python\Python311\Lib\site-packages\httpx\_client.py:1426: DeprecationWarning: The 'app' shortcut is now deprecated. Use the explicit style 'transport=ASGITransport(app=...)' instead.
    warnings.warn(message, DeprecationWarning)

-- Docs: https://docs.pytest.org/en/stable/how-to/capture-warnings.html
=========================== short test summary info ===========================
FAILED tests/integration/test_auth_routes.py::test_logout_success - redis.exc...
================== 1 failed, 9 passed, 10 warnings in 9.06s ===================
