============================= test session starts =============================
platform win32 -- Python 3.11.7, pytest-8.0.2, pluggy-1.6.0 -- C:\Users\admin\AppData\Local\Programs\Python\Python311\python.exe
cachedir: .pytest_cache
rootdir: C:\Users\admin\Desktop\Group pro\MAP\MAP\backend
configfile: pytest.ini
plugins: anyio-4.12.1, asyncio-0.23.5, xdist-3.8.0
asyncio: mode=Mode.AUTO
collecting ... collected 10 items

tests/integration/test_auth_routes.py::test_register_success PASSED      [ 10%]
tests/integration/test_auth_routes.py::test_register_duplicate_email PASSED [ 20%]
tests/integration/test_auth_routes.py::test_register_missing_fields PASSED [ 30%]
tests/integration/test_auth_routes.py::test_login_success PASSED         [ 40%]
tests/integration/test_auth_routes.py::test_login_wrong_password PASSED  [ 50%]
tests/integration/test_auth_routes.py::test_login_wrong_email PASSED     [ 60%]
tests/integration/test_auth_routes.py::test_get_me_authenticated FAILED  [ 70%]
tests/integration/test_auth_routes.py::test_get_me_no_token PASSED       [ 80%]
tests/integration/test_auth_routes.py::test_get_me_invalid_token PASSED  [ 90%]
tests/integration/test_auth_routes.py::test_logout_success FAILED        [100%]

================================== FAILURES ===================================
__________________________ test_get_me_authenticated __________________________

self = <sqlalchemy.engine.base.Connection object at 0x0000023289A68E90>
dialect = <sqlalchemy.dialects.sqlite.aiosqlite.SQLiteDialect_aiosqlite object at 0x000002328967FCD0>
constructor = <bound method DefaultExecutionContext._init_compiled of <class 'sqlalchemy.dialects.sqlite.aiosqlite.SQLiteExecutionContext_aiosqlite'>>
statement = <sqlalchemy.dialects.sqlite.base.SQLiteCompiler object at 0x0000023289A83E90>
parameters = [{}]
execution_options = immutabledict({'prebuffer_rows': True, '_result_disable_adapt_to_context': True})
args = (<sqlalchemy.dialects.sqlite.base.SQLiteCompiler object at 0x0000023289A83E90>, [{}], <sqlalchemy.sql.selectable.Selec... at 0x0000023289A83C50>, [BindParameter('%(2416081123408 id)s', 'a035bace-7c68-4c8a-8c23-9ada3f476c61', type_=UUID())])
kw = {'cache_hit': <CacheStats.CACHE_MISS: 1>}, yp = None
conn = <sqlalchemy.pool.base._ConnectionFairy object at 0x000002328968B290>

    def _execute_context(
        self,
        dialect: Dialect,
        constructor: Callable[..., ExecutionContext],
        statement: Union[str, Compiled],
        parameters: Optional[_AnyMultiExecuteParams],
        execution_options: _ExecuteOptions,
        *args: Any,
        **kw: Any,
    ) -> CursorResult[Any]:
        """Create an :class:`.ExecutionContext` and execute, returning
        a :class:`_engine.CursorResult`."""
    
        if execution_options:
            yp = execution_options.get("yield_per", None)
            if yp:
                execution_options = execution_options.union(
                    {"stream_results": True, "max_row_buffer": yp}
                )
        try:
            conn = self._dbapi_connection
            if conn is None:
                conn = self._revalidate_connection()
    
>           context = constructor(
                dialect, self, conn, execution_options, *args, **kw
            )

C:\Users\admin\AppData\Local\Programs\Python\Python311\Lib\site-packages\sqlalchemy\engine\base.py:1815: 
_ _ _ _ _ _ _ _ _ _ _ _ _ _ _ _ _ _ _ _ _ _ _ _ _ _ _ _ _ _ _ _ _ _ _ _ _ _ _ _
C:\Users\admin\AppData\Local\Programs\Python\Python311\Lib\site-packages\sqlalchemy\engine\default.py:1457: in _init_compiled
    l_param: List[Any] = [
C:\Users\admin\AppData\Local\Programs\Python\Python311\Lib\site-packages\sqlalchemy\engine\default.py:1459: in <listcomp>
    flattened_processors[key](compiled_params[key])
_ _ _ _ _ _ _ _ _ _ _ _ _ _ _ _ _ _ _ _ _ _ _ _ _ _ _ _ _ _ _ _ _ _ _ _ _ _ _ _

value = 'a035bace-7c68-4c8a-8c23-9ada3f476c61'

    def process(value):
        if value is not None:
>           value = value.hex
E           AttributeError: 'str' object has no attribute 'hex'

C:\Users\admin\AppData\Local\Programs\Python\Python311\Lib\site-packages\sqlalchemy\sql\sqltypes.py:3590: AttributeError

The above exception was the direct cause of the following exception:

client = <httpx.AsyncClient object at 0x000002328969F350>
auth_headers = {'Authorization': 'Bearer eyJhbGciOiJSUzI1NiIsInR5cCI6IkpXVCJ9.eyJzdWIiOiJhMDM1YmFjZS03YzY4LTRjOGEtOGMyMy05YWRhM2Y0NzZ...0DA8TdRO_hoEoHMzTYFqFF_l49TDm1YpvTdM3VMshQNIvxI7S-uyCOVvMaBtzlEzY8DNx6arOqbM7pIoq4psdtewqD3ru3WZFA1jWuhvWQW77My7le5jA'}

    async def test_get_me_authenticated(client: AsyncClient, auth_headers: dict):
        # Use headers belonging to a logged-in user
>       response = await client.get("/api/v1/auth/me", headers=auth_headers)

tests\integration\test_auth_routes.py:75: 
_ _ _ _ _ _ _ _ _ _ _ _ _ _ _ _ _ _ _ _ _ _ _ _ _ _ _ _ _ _ _ _ _ _ _ _ _ _ _ _
C:\Users\admin\AppData\Local\Programs\Python\Python311\Lib\site-packages\httpx\_client.py:1801: in get
    return await self.request(
C:\Users\admin\AppData\Local\Programs\Python\Python311\Lib\site-packages\httpx\_client.py:1574: in request
    return await self.send(request, auth=auth, follow_redirects=follow_redirects)
C:\Users\admin\AppData\Local\Programs\Python\Python311\Lib\site-packages\httpx\_client.py:1661: in send
    response = await self._send_handling_auth(
C:\Users\admin\AppData\Local\Programs\Python\Python311\Lib\site-packages\httpx\_client.py:1689: in _send_handling_auth
    response = await self._send_handling_redirects(
C:\Users\admin\AppData\Local\Programs\Python\Python311\Lib\site-packages\httpx\_client.py:1726: in _send_handling_redirects
    response = await self._send_single_request(request)
C:\Users\admin\AppData\Local\Programs\Python\Python311\Lib\site-packages\httpx\_client.py:1763: in _send_single_request
    response = await transport.handle_async_request(request)
C:\Users\admin\AppData\Local\Programs\Python\Python311\Lib\site-packages\httpx\_transports\asgi.py:164: in handle_async_request
    await self.app(scope, receive, send)
C:\Users\admin\AppData\Local\Programs\Python\Python311\Lib\site-packages\fastapi\applications.py:1054: in __call__
    await super().__call__(scope, receive, send)
C:\Users\admin\AppData\Local\Programs\Python\Python311\Lib\site-packages\starlette\applications.py:123: in __call__
    await self.middleware_stack(scope, receive, send)
C:\Users\admin\AppData\Local\Programs\Python\Python311\Lib\site-packages\starlette\middleware\errors.py:186: in __call__
    raise exc
C:\Users\admin\AppData\Local\Programs\Python\Python311\Lib\site-packages\starlette\middleware\errors.py:164: in __call__
    await self.app(scope, receive, _send)
C:\Users\admin\AppData\Local\Programs\Python\Python311\Lib\site-packages\starlette\middleware\cors.py:83: in __call__
    await self.app(scope, receive, send)
C:\Users\admin\AppData\Local\Programs\Python\Python311\Lib\site-packages\starlette\middleware\exceptions.py:62: in __call__
    await wrap_app_handling_exceptions(self.app, conn)(scope, receive, send)
C:\Users\admin\AppData\Local\Programs\Python\Python311\Lib\site-packages\starlette\_exception_handler.py:64: in wrapped_app
    raise exc
C:\Users\admin\AppData\Local\Programs\Python\Python311\Lib\site-packages\starlette\_exception_handler.py:53: in wrapped_app
    await app(scope, receive, sender)
C:\Users\admin\AppData\Local\Programs\Python\Python311\Lib\site-packages\starlette\routing.py:758: in __call__
    await self.middleware_stack(scope, receive, send)
C:\Users\admin\AppData\Local\Programs\Python\Python311\Lib\site-packages\starlette\routing.py:778: in app
    await route.handle(scope, receive, send)
C:\Users\admin\AppData\Local\Programs\Python\Python311\Lib\site-packages\starlette\routing.py:299: in handle
    await self.app(scope, receive, send)
C:\Users\admin\AppData\Local\Programs\Python\Python311\Lib\site-packages\starlette\routing.py:79: in app
    await wrap_app_handling_exceptions(app, request)(scope, receive, send)
C:\Users\admin\AppData\Local\Programs\Python\Python311\Lib\site-packages\starlette\_exception_handler.py:64: in wrapped_app
    raise exc
C:\Users\admin\AppData\Local\Programs\Python\Python311\Lib\site-packages\starlette\_exception_handler.py:53: in wrapped_app
    await app(scope, receive, sender)
C:\Users\admin\AppData\Local\Programs\Python\Python311\Lib\site-packages\starlette\routing.py:74: in app
    response = await func(request)
C:\Users\admin\AppData\Local\Programs\Python\Python311\Lib\site-packages\fastapi\routing.py:269: in app
    solved_result = await solve_dependencies(
C:\Users\admin\AppData\Local\Programs\Python\Python311\Lib\site-packages\fastapi\dependencies\utils.py:600: in solve_dependencies
    solved = await call(**sub_values)
app\dependencies.py:51: in get_current_user
    user = await user_repo.get_by_id(user_id)
app\db\repositories\user_repo.py:43: in get_by_id
    result = await self.db.execute(select(User).where(User.id == user_id))
C:\Users\admin\AppData\Local\Programs\Python\Python311\Lib\site-packages\sqlalchemy\ext\asyncio\session.py:461: in execute
    result = await greenlet_spawn(
C:\Users\admin\AppData\Local\Programs\Python\Python311\Lib\site-packages\sqlalchemy\util\_concurrency_py3k.py:190: in greenlet_spawn
    result = context.switch(*args, **kwargs)
C:\Users\admin\AppData\Local\Programs\Python\Python311\Lib\site-packages\sqlalchemy\orm\session.py:2351: in execute
    return self._execute_internal(
C:\Users\admin\AppData\Local\Programs\Python\Python311\Lib\site-packages\sqlalchemy\orm\session.py:2236: in _execute_internal
    result: Result[Any] = compile_state_cls.orm_execute_statement(
C:\Users\admin\AppData\Local\Programs\Python\Python311\Lib\site-packages\sqlalchemy\orm\context.py:293: in orm_execute_statement
    result = conn.execute(
C:\Users\admin\AppData\Local\Programs\Python\Python311\Lib\site-packages\sqlalchemy\engine\base.py:1418: in execute
    return meth(
C:\Users\admin\AppData\Local\Programs\Python\Python311\Lib\site-packages\sqlalchemy\sql\elements.py:515: in _execute_on_connection
    return connection._execute_clauseelement(
C:\Users\admin\AppData\Local\Programs\Python\Python311\Lib\site-packages\sqlalchemy\engine\base.py:1640: in _execute_clauseelement
    ret = self._execute_context(
C:\Users\admin\AppData\Local\Programs\Python\Python311\Lib\site-packages\sqlalchemy\engine\base.py:1821: in _execute_context
    self._handle_dbapi_exception(
C:\Users\admin\AppData\Local\Programs\Python\Python311\Lib\site-packages\sqlalchemy\engine\base.py:2353: in _handle_dbapi_exception
    raise sqlalchemy_exception.with_traceback(exc_info[2]) from e
C:\Users\admin\AppData\Local\Programs\Python\Python311\Lib\site-packages\sqlalchemy\engine\base.py:1815: in _execute_context
    context = constructor(
C:\Users\admin\AppData\Local\Programs\Python\Python311\Lib\site-packages\sqlalchemy\engine\default.py:1457: in _init_compiled
    l_param: List[Any] = [
C:\Users\admin\AppData\Local\Programs\Python\Python311\Lib\site-packages\sqlalchemy\engine\default.py:1459: in <listcomp>
    flattened_processors[key](compiled_params[key])
_ _ _ _ _ _ _ _ _ _ _ _ _ _ _ _ _ _ _ _ _ _ _ _ _ _ _ _ _ _ _ _ _ _ _ _ _ _ _ _

value = 'a035bace-7c68-4c8a-8c23-9ada3f476c61'

    def process(value):
        if value is not None:
>           value = value.hex
E           sqlalchemy.exc.StatementError: (builtins.AttributeError) 'str' object has no attribute 'hex'
E           [SQL: SELECT users.id, users.email, users.username, users.password_hash, users.role, users.tier, users.is_active, users.email_verified, users.created_at, users.updated_at, users.last_login_at, users.metadata 
E           FROM users 
E           WHERE users.id = ?]
E           [parameters: [{}]]

C:\Users\admin\AppData\Local\Programs\Python\Python311\Lib\site-packages\sqlalchemy\sql\sqltypes.py:3590: StatementError
_____________________________ test_logout_success _____________________________

self = <sqlalchemy.engine.base.Connection object at 0x000002328BB87110>
dialect = <sqlalchemy.dialects.sqlite.aiosqlite.SQLiteDialect_aiosqlite object at 0x000002328C074F90>
constructor = <bound method DefaultExecutionContext._init_compiled of <class 'sqlalchemy.dialects.sqlite.aiosqlite.SQLiteExecutionContext_aiosqlite'>>
statement = <sqlalchemy.dialects.sqlite.base.SQLiteCompiler object at 0x000002328B572510>
parameters = [{}]
execution_options = immutabledict({'prebuffer_rows': True, '_result_disable_adapt_to_context': True})
args = (<sqlalchemy.dialects.sqlite.base.SQLiteCompiler object at 0x000002328B572510>, [{}], <sqlalchemy.sql.selectable.Selec... at 0x000002328B57FA10>, [BindParameter('%(2416109418896 id)s', '3c38b06f-c331-4221-874d-04ce3f152339', type_=UUID())])
kw = {'cache_hit': <CacheStats.CACHE_MISS: 1>}, yp = None
conn = <sqlalchemy.pool.base._ConnectionFairy object at 0x000002328B2139B0>

    def _execute_context(
        self,
        dialect: Dialect,
        constructor: Callable[..., ExecutionContext],
        statement: Union[str, Compiled],
        parameters: Optional[_AnyMultiExecuteParams],
        execution_options: _ExecuteOptions,
        *args: Any,
        **kw: Any,
    ) -> CursorResult[Any]:
        """Create an :class:`.ExecutionContext` and execute, returning
        a :class:`_engine.CursorResult`."""
    
        if execution_options:
            yp = execution_options.get("yield_per", None)
            if yp:
                execution_options = execution_options.union(
                    {"stream_results": True, "max_row_buffer": yp}
                )
        try:
            conn = self._dbapi_connection
            if conn is None:
                conn = self._revalidate_connection()
    
>           context = constructor(
                dialect, self, conn, execution_options, *args, **kw
            )

C:\Users\admin\AppData\Local\Programs\Python\Python311\Lib\site-packages\sqlalchemy\engine\base.py:1815: 
_ _ _ _ _ _ _ _ _ _ _ _ _ _ _ _ _ _ _ _ _ _ _ _ _ _ _ _ _ _ _ _ _ _ _ _ _ _ _ _
C:\Users\admin\AppData\Local\Programs\Python\Python311\Lib\site-packages\sqlalchemy\engine\default.py:1457: in _init_compiled
    l_param: List[Any] = [
C:\Users\admin\AppData\Local\Programs\Python\Python311\Lib\site-packages\sqlalchemy\engine\default.py:1459: in <listcomp>
    flattened_processors[key](compiled_params[key])
_ _ _ _ _ _ _ _ _ _ _ _ _ _ _ _ _ _ _ _ _ _ _ _ _ _ _ _ _ _ _ _ _ _ _ _ _ _ _ _

value = '3c38b06f-c331-4221-874d-04ce3f152339'

    def process(value):
        if value is not None:
>           value = value.hex
E           AttributeError: 'str' object has no attribute 'hex'

C:\Users\admin\AppData\Local\Programs\Python\Python311\Lib\site-packages\sqlalchemy\sql\sqltypes.py:3590: AttributeError

The above exception was the direct cause of the following exception:

client = <httpx.AsyncClient object at 0x000002328BC0F710>
auth_headers = {'Authorization': 'Bearer eyJhbGciOiJSUzI1NiIsInR5cCI6IkpXVCJ9.eyJzdWIiOiIzYzM4YjA2Zi1jMzMxLTQyMjEtODc0ZC0wNGNlM2YxNTI...P3xIOA4lkEtQICBi2nLdKxD5mSxTgnR7c_IDddcm_wz-8pRuEx2z7k7D3BGBSWzk5L3Ev4aApqEY1fQSyAjHGkAJE-LypARlnnxbKSl8lBG1OPBvftSFQ'}

    async def test_logout_success(client: AsyncClient, auth_headers: dict):
        # Log out with an authenticated user's headers
>       response = await client.post("/api/v1/auth/logout", headers=auth_headers)

tests\integration\test_auth_routes.py:94: 
_ _ _ _ _ _ _ _ _ _ _ _ _ _ _ _ _ _ _ _ _ _ _ _ _ _ _ _ _ _ _ _ _ _ _ _ _ _ _ _
C:\Users\admin\AppData\Local\Programs\Python\Python311\Lib\site-packages\httpx\_client.py:1892: in post
    return await self.request(
C:\Users\admin\AppData\Local\Programs\Python\Python311\Lib\site-packages\httpx\_client.py:1574: in request
    return await self.send(request, auth=auth, follow_redirects=follow_redirects)
C:\Users\admin\AppData\Local\Programs\Python\Python311\Lib\site-packages\httpx\_client.py:1661: in send
    response = await self._send_handling_auth(
C:\Users\admin\AppData\Local\Programs\Python\Python311\Lib\site-packages\httpx\_client.py:1689: in _send_handling_auth
    response = await self._send_handling_redirects(
C:\Users\admin\AppData\Local\Programs\Python\Python311\Lib\site-packages\httpx\_client.py:1726: in _send_handling_redirects
    response = await self._send_single_request(request)
C:\Users\admin\AppData\Local\Programs\Python\Python311\Lib\site-packages\httpx\_client.py:1763: in _send_single_request
    response = await transport.handle_async_request(request)
C:\Users\admin\AppData\Local\Programs\Python\Python311\Lib\site-packages\httpx\_transports\asgi.py:164: in handle_async_request
    await self.app(scope, receive, send)
C:\Users\admin\AppData\Local\Programs\Python\Python311\Lib\site-packages\fastapi\applications.py:1054: in __call__
    await super().__call__(scope, receive, send)
C:\Users\admin\AppData\Local\Programs\Python\Python311\Lib\site-packages\starlette\applications.py:123: in __call__
    await self.middleware_stack(scope, receive, send)
C:\Users\admin\AppData\Local\Programs\Python\Python311\Lib\site-packages\starlette\middleware\errors.py:186: in __call__
    raise exc
C:\Users\admin\AppData\Local\Programs\Python\Python311\Lib\site-packages\starlette\middleware\errors.py:164: in __call__
    await self.app(scope, receive, _send)
C:\Users\admin\AppData\Local\Programs\Python\Python311\Lib\site-packages\starlette\middleware\cors.py:83: in __call__
    await self.app(scope, receive, send)
C:\Users\admin\AppData\Local\Programs\Python\Python311\Lib\site-packages\starlette\middleware\exceptions.py:62: in __call__
    await wrap_app_handling_exceptions(self.app, conn)(scope, receive, send)
C:\Users\admin\AppData\Local\Programs\Python\Python311\Lib\site-packages\starlette\_exception_handler.py:64: in wrapped_app
    raise exc
C:\Users\admin\AppData\Local\Programs\Python\Python311\Lib\site-packages\starlette\_exception_handler.py:53: in wrapped_app
    await app(scope, receive, sender)
C:\Users\admin\AppData\Local\Programs\Python\Python311\Lib\site-packages\starlette\routing.py:758: in __call__
    await self.middleware_stack(scope, receive, send)
C:\Users\admin\AppData\Local\Programs\Python\Python311\Lib\site-packages\starlette\routing.py:778: in app
    await route.handle(scope, receive, send)
C:\Users\admin\AppData\Local\Programs\Python\Python311\Lib\site-packages\starlette\routing.py:299: in handle
    await self.app(scope, receive, send)
C:\Users\admin\AppData\Local\Programs\Python\Python311\Lib\site-packages\starlette\routing.py:79: in app
    await wrap_app_handling_exceptions(app, request)(scope, receive, send)
C:\Users\admin\AppData\Local\Programs\Python\Python311\Lib\site-packages\starlette\_exception_handler.py:64: in wrapped_app
    raise exc
C:\Users\admin\AppData\Local\Programs\Python\Python311\Lib\site-packages\starlette\_exception_handler.py:53: in wrapped_app
    await app(scope, receive, sender)
C:\Users\admin\AppData\Local\Programs\Python\Python311\Lib\site-packages\starlette\routing.py:74: in app
    response = await func(request)
C:\Users\admin\AppData\Local\Programs\Python\Python311\Lib\site-packages\fastapi\routing.py:269: in app
    solved_result = await solve_dependencies(
C:\Users\admin\AppData\Local\Programs\Python\Python311\Lib\site-packages\fastapi\dependencies\utils.py:600: in solve_dependencies
    solved = await call(**sub_values)
app\dependencies.py:51: in get_current_user
    user = await user_repo.get_by_id(user_id)
app\db\repositories\user_repo.py:43: in get_by_id
    result = await self.db.execute(select(User).where(User.id == user_id))
C:\Users\admin\AppData\Local\Programs\Python\Python311\Lib\site-packages\sqlalchemy\ext\asyncio\session.py:461: in execute
    result = await greenlet_spawn(
C:\Users\admin\AppData\Local\Programs\Python\Python311\Lib\site-packages\sqlalchemy\util\_concurrency_py3k.py:190: in greenlet_spawn
    result = context.switch(*args, **kwargs)
C:\Users\admin\AppData\Local\Programs\Python\Python311\Lib\site-packages\sqlalchemy\orm\session.py:2351: in execute
    return self._execute_internal(
C:\Users\admin\AppData\Local\Programs\Python\Python311\Lib\site-packages\sqlalchemy\orm\session.py:2236: in _execute_internal
    result: Result[Any] = compile_state_cls.orm_execute_statement(
C:\Users\admin\AppData\Local\Programs\Python\Python311\Lib\site-packages\sqlalchemy\orm\context.py:293: in orm_execute_statement
    result = conn.execute(
C:\Users\admin\AppData\Local\Programs\Python\Python311\Lib\site-packages\sqlalchemy\engine\base.py:1418: in execute
    return meth(
C:\Users\admin\AppData\Local\Programs\Python\Python311\Lib\site-packages\sqlalchemy\sql\elements.py:515: in _execute_on_connection
    return connection._execute_clauseelement(
C:\Users\admin\AppData\Local\Programs\Python\Python311\Lib\site-packages\sqlalchemy\engine\base.py:1640: in _execute_clauseelement
    ret = self._execute_context(
C:\Users\admin\AppData\Local\Programs\Python\Python311\Lib\site-packages\sqlalchemy\engine\base.py:1821: in _execute_context
    self._handle_dbapi_exception(
C:\Users\admin\AppData\Local\Programs\Python\Python311\Lib\site-packages\sqlalchemy\engine\base.py:2353: in _handle_dbapi_exception
    raise sqlalchemy_exception.with_traceback(exc_info[2]) from e
C:\Users\admin\AppData\Local\Programs\Python\Python311\Lib\site-packages\sqlalchemy\engine\base.py:1815: in _execute_context
    context = constructor(
C:\Users\admin\AppData\Local\Programs\Python\Python311\Lib\site-packages\sqlalchemy\engine\default.py:1457: in _init_compiled
    l_param: List[Any] = [
C:\Users\admin\AppData\Local\Programs\Python\Python311\Lib\site-packages\sqlalchemy\engine\default.py:1459: in <listcomp>
    flattened_processors[key](compiled_params[key])
_ _ _ _ _ _ _ _ _ _ _ _ _ _ _ _ _ _ _ _ _ _ _ _ _ _ _ _ _ _ _ _ _ _ _ _ _ _ _ _

value = '3c38b06f-c331-4221-874d-04ce3f152339'

    def process(value):
        if value is not None:
>           value = value.hex
E           sqlalchemy.exc.StatementError: (builtins.AttributeError) 'str' object has no attribute 'hex'
E           [SQL: SELECT users.id, users.email, users.username, users.password_hash, users.role, users.tier, users.is_active, users.email_verified, users.created_at, users.updated_at, users.last_login_at, users.metadata 
E           FROM users 
E           WHERE users.id = ?]
E           [parameters: [{}]]

C:\Users\admin\AppData\Local\Programs\Python\Python311\Lib\site-packages\sqlalchemy\sql\sqltypes.py:3590: StatementError
============================== warnings summary ===============================
tests/integration/test_auth_routes.py: 10 warnings
  C:\Users\admin\AppData\Local\Programs\Python\Python311\Lib\site-packages\httpx\_client.py:1426: DeprecationWarning: The 'app' shortcut is now deprecated. Use the explicit style 'transport=ASGITransport(app=...)' instead.
    warnings.warn(message, DeprecationWarning)

-- Docs: https://docs.pytest.org/en/stable/how-to/capture-warnings.html
=========================== short test summary info ===========================
FAILED tests/integration/test_auth_routes.py::test_get_me_authenticated - sql...
FAILED tests/integration/test_auth_routes.py::test_logout_success - sqlalchem...
================== 2 failed, 8 passed, 10 warnings in 10.21s ==================
